This file contains any messages produced by compilers while
running configure, to aid debugging if configure makes a mistake.

It was created by osd-lyrics configure 0.3.20100604, which was
generated by GNU Autoconf 2.69.  Invocation command line was

  $ ./configure 

## --------- ##
## Platform. ##
## --------- ##

hostname = luckydev
uname -m = x86_64
uname -r = 4.4.0-1-amd64
uname -s = Linux
uname -v = #1 SMP Debian 4.4.6-1 (2016-03-17)

/usr/bin/uname -p = unknown
/bin/uname -X     = unknown

/bin/arch              = unknown
/usr/bin/arch -k       = unknown
/usr/convex/getsysinfo = unknown
/usr/bin/hostinfo      = unknown
/bin/machine           = unknown
/usr/bin/oslevel       = unknown
/bin/universe          = unknown

PATH: /usr/local/bin
PATH: /usr/bin
PATH: /bin
PATH: /usr/local/games
PATH: /usr/games


## ----------- ##
## Core tests. ##
## ----------- ##

configure:2396: checking for a BSD-compatible install
configure:2464: result: /usr/bin/install -c
configure:2475: checking whether build environment is sane
configure:2530: result: yes
configure:2681: checking for a thread-safe mkdir -p
configure:2720: result: /bin/mkdir -p
configure:2727: checking for gawk
configure:2743: found /usr/bin/gawk
configure:2754: result: gawk
configure:2765: checking whether make sets $(MAKE)
configure:2787: result: yes
configure:2816: checking whether make supports nested variables
configure:2833: result: yes
configure:3012: checking for gcc
configure:3028: found /usr/bin/gcc
configure:3039: result: gcc
configure:3268: checking for C compiler version
configure:3277: gcc --version >&5
gcc (Debian 5.3.1-13) 5.3.1 20160323
Copyright (C) 2015 Free Software Foundation, Inc.
This is free software; see the source for copying conditions.  There is NO
warranty; not even for MERCHANTABILITY or FITNESS FOR A PARTICULAR PURPOSE.

configure:3288: $? = 0
configure:3277: gcc -v >&5
Using built-in specs.
COLLECT_GCC=gcc
COLLECT_LTO_WRAPPER=/usr/lib/gcc/x86_64-linux-gnu/5/lto-wrapper
Target: x86_64-linux-gnu
Configured with: ../src/configure -v --with-pkgversion='Debian 5.3.1-13' --with-bugurl=file:///usr/share/doc/gcc-5/README.Bugs --enable-languages=c,ada,c++,java,go,d,fortran,objc,obj-c++ --prefix=/usr --program-suffix=-5 --enable-shared --enable-linker-build-id --libexecdir=/usr/lib --without-included-gettext --enable-threads=posix --libdir=/usr/lib --enable-nls --with-sysroot=/ --enable-clocale=gnu --enable-libstdcxx-debug --enable-libstdcxx-time=yes --with-default-libstdcxx-abi=new --enable-gnu-unique-object --disable-vtable-verify --enable-libmpx --enable-plugin --with-system-zlib --disable-browser-plugin --enable-java-awt=gtk --enable-gtk-cairo --with-java-home=/usr/lib/jvm/java-1.5.0-gcj-5-amd64/jre --enable-java-home --with-jvm-root-dir=/usr/lib/jvm/java-1.5.0-gcj-5-amd64 --with-jvm-jar-dir=/usr/lib/jvm-exports/java-1.5.0-gcj-5-amd64 --with-arch-directory=amd64 --with-ecj-jar=/usr/share/java/eclipse-ecj.jar --enable-objc-gc --enable-multiarch --with-arch-32=i586 --with-abi=m64 --with-multilib-list=m32,m64,mx32 --enable-multilib --with-tune=generic --enable-checking=release --build=x86_64-linux-gnu --host=x86_64-linux-gnu --target=x86_64-linux-gnu
Thread model: posix
gcc version 5.3.1 20160323 (Debian 5.3.1-13) 
configure:3288: $? = 0
configure:3277: gcc -V >&5
gcc: error: unrecognized command line option '-V'
gcc: fatal error: no input files
compilation terminated.
configure:3288: $? = 1
configure:3277: gcc -qversion >&5
gcc: error: unrecognized command line option '-qversion'
gcc: fatal error: no input files
compilation terminated.
configure:3288: $? = 1
configure:3308: checking whether the C compiler works
configure:3330: gcc    conftest.c  >&5
configure:3334: $? = 0
configure:3382: result: yes
configure:3385: checking for C compiler default output file name
configure:3387: result: a.out
configure:3393: checking for suffix of executables
configure:3400: gcc -o conftest    conftest.c  >&5
configure:3404: $? = 0
configure:3426: result: 
configure:3448: checking whether we are cross compiling
configure:3456: gcc -o conftest    conftest.c  >&5
configure:3460: $? = 0
configure:3467: ./conftest
configure:3471: $? = 0
configure:3486: result: no
configure:3491: checking for suffix of object files
configure:3513: gcc -c   conftest.c >&5
configure:3517: $? = 0
configure:3538: result: o
configure:3542: checking whether we are using the GNU C compiler
configure:3561: gcc -c   conftest.c >&5
configure:3561: $? = 0
configure:3570: result: yes
configure:3579: checking whether gcc accepts -g
configure:3599: gcc -c -g  conftest.c >&5
configure:3599: $? = 0
configure:3640: result: yes
configure:3657: checking for gcc option to accept ISO C89
configure:3720: gcc  -c -g -O2  conftest.c >&5
configure:3720: $? = 0
configure:3733: result: none needed
configure:3758: checking whether gcc understands -c and -o together
configure:3780: gcc -c conftest.c -o conftest2.o
configure:3783: $? = 0
configure:3780: gcc -c conftest.c -o conftest2.o
configure:3783: $? = 0
configure:3795: result: yes
configure:3823: checking for style of include used by make
configure:3851: result: GNU
configure:3877: checking dependency style of gcc
configure:3988: result: gcc3
configure:4061: checking for g++
configure:4077: found /usr/bin/g++
configure:4088: result: g++
configure:4115: checking for C++ compiler version
configure:4124: g++ --version >&5
g++ (Debian 5.3.1-13) 5.3.1 20160323
Copyright (C) 2015 Free Software Foundation, Inc.
This is free software; see the source for copying conditions.  There is NO
warranty; not even for MERCHANTABILITY or FITNESS FOR A PARTICULAR PURPOSE.

configure:4135: $? = 0
configure:4124: g++ -v >&5
Using built-in specs.
COLLECT_GCC=g++
COLLECT_LTO_WRAPPER=/usr/lib/gcc/x86_64-linux-gnu/5/lto-wrapper
Target: x86_64-linux-gnu
Configured with: ../src/configure -v --with-pkgversion='Debian 5.3.1-13' --with-bugurl=file:///usr/share/doc/gcc-5/README.Bugs --enable-languages=c,ada,c++,java,go,d,fortran,objc,obj-c++ --prefix=/usr --program-suffix=-5 --enable-shared --enable-linker-build-id --libexecdir=/usr/lib --without-included-gettext --enable-threads=posix --libdir=/usr/lib --enable-nls --with-sysroot=/ --enable-clocale=gnu --enable-libstdcxx-debug --enable-libstdcxx-time=yes --with-default-libstdcxx-abi=new --enable-gnu-unique-object --disable-vtable-verify --enable-libmpx --enable-plugin --with-system-zlib --disable-browser-plugin --enable-java-awt=gtk --enable-gtk-cairo --with-java-home=/usr/lib/jvm/java-1.5.0-gcj-5-amd64/jre --enable-java-home --with-jvm-root-dir=/usr/lib/jvm/java-1.5.0-gcj-5-amd64 --with-jvm-jar-dir=/usr/lib/jvm-exports/java-1.5.0-gcj-5-amd64 --with-arch-directory=amd64 --with-ecj-jar=/usr/share/java/eclipse-ecj.jar --enable-objc-gc --enable-multiarch --with-arch-32=i586 --with-abi=m64 --with-multilib-list=m32,m64,mx32 --enable-multilib --with-tune=generic --enable-checking=release --build=x86_64-linux-gnu --host=x86_64-linux-gnu --target=x86_64-linux-gnu
Thread model: posix
gcc version 5.3.1 20160323 (Debian 5.3.1-13) 
configure:4135: $? = 0
configure:4124: g++ -V >&5
g++: error: unrecognized command line option '-V'
g++: fatal error: no input files
compilation terminated.
configure:4135: $? = 1
configure:4124: g++ -qversion >&5
g++: error: unrecognized command line option '-qversion'
g++: fatal error: no input files
compilation terminated.
configure:4135: $? = 1
configure:4139: checking whether we are using the GNU C++ compiler
configure:4158: g++ -c   conftest.cpp >&5
configure:4158: $? = 0
configure:4167: result: yes
configure:4176: checking whether g++ accepts -g
configure:4196: g++ -c -g  conftest.cpp >&5
configure:4196: $? = 0
configure:4237: result: yes
configure:4262: checking dependency style of g++
configure:4373: result: gcc3
configure:4432: checking for ranlib
configure:4448: found /usr/bin/ranlib
configure:4459: result: ranlib
configure:4623: checking for pkg-config
configure:4641: found /usr/bin/pkg-config
configure:4653: result: /usr/bin/pkg-config
configure:4678: checking pkg-config is at least version 0.9.0
configure:4681: result: yes
configure:4691: checking for GTK2
configure:4698: $PKG_CONFIG --exists --print-errors "gtk+-2.0 >= 2.12.0, gthread-2.0, gmodule-export-2.0"
configure:4701: $? = 0
configure:4715: $PKG_CONFIG --exists --print-errors "gtk+-2.0 >= 2.12.0, gthread-2.0, gmodule-export-2.0"
configure:4718: $? = 0
configure:4776: result: yes
configure:4782: checking for X11
configure:4789: $PKG_CONFIG --exists --print-errors "x11"
configure:4792: $? = 0
configure:4806: $PKG_CONFIG --exists --print-errors "x11"
configure:4809: $? = 0
configure:4867: result: yes
configure:4872: checking for DBUS_GLIB
configure:4879: $PKG_CONFIG --exists --print-errors "dbus-glib-1"
configure:4882: $? = 0
configure:4896: $PKG_CONFIG --exists --print-errors "dbus-glib-1"
configure:4899: $? = 0
configure:4957: result: yes
configure:4963: checking for CURL
configure:4970: $PKG_CONFIG --exists --print-errors "libcurl"
configure:4973: $? = 0
configure:4987: $PKG_CONFIG --exists --print-errors "libcurl"
configure:4990: $? = 0
configure:5048: result: yes
configure:5054: checking for NOTIFY
configure:5061: $PKG_CONFIG --exists --print-errors "libnotify"
configure:5064: $? = 0
configure:5078: $PKG_CONFIG --exists --print-errors "libnotify"
configure:5081: $? = 0
configure:5139: result: yes
configure:5145: checking for SQLITE
configure:5152: $PKG_CONFIG --exists --print-errors "sqlite3 >= 3.3.0"
configure:5155: $? = 0
configure:5169: $PKG_CONFIG --exists --print-errors "sqlite3 >= 3.3.0"
configure:5172: $? = 0
configure:5230: result: yes
configure:5239: checking for MPD
configure:5246: $PKG_CONFIG --exists --print-errors "libmpd"
Package libmpd was not found in the pkg-config search path.
Perhaps you should add the directory containing `libmpd.pc'
to the PKG_CONFIG_PATH environment variable
No package 'libmpd' found
configure:5249: $? = 1
configure:5263: $PKG_CONFIG --exists --print-errors "libmpd"
Package libmpd was not found in the pkg-config search path.
Perhaps you should add the directory containing `libmpd.pc'
to the PKG_CONFIG_PATH environment variable
No package 'libmpd' found
configure:5266: $? = 1
configure:5280: result: no
No package 'libmpd' found
configure:5298: WARNING: libmpd is not available, use --disable-mpd to disable MPD support
configure:5333: checking for XMMS2
configure:5340: $PKG_CONFIG --exists --print-errors "xmms2-client"
configure:5343: $? = 0
configure:5357: $PKG_CONFIG --exists --print-errors "xmms2-client"
configure:5360: $? = 0
configure:5404: result: yes
configure:5423: $PKG_CONFIG --exists --print-errors "appindicator-0.1 >= $APPINDICATOR_REQUIRED"
Package appindicator-0.1 was not found in the pkg-config search path.
Perhaps you should add the directory containing `appindicator-0.1.pc'
to the PKG_CONFIG_PATH environment variable
No package 'appindicator-0.1' found
configure:5426: $? = 1
configure:5560: checking whether NLS is requested
configure:5569: result: yes
configure:5588: checking for intltool >= 0.35.0
configure:5590: result: 0.50.2 found
configure:5598: checking for intltool-update
configure:5616: found /usr/bin/intltool-update
configure:5628: result: /usr/bin/intltool-update
configure:5638: checking for intltool-merge
configure:5656: found /usr/bin/intltool-merge
configure:5668: result: /usr/bin/intltool-merge
configure:5678: checking for intltool-extract
configure:5696: found /usr/bin/intltool-extract
configure:5708: result: /usr/bin/intltool-extract
configure:5862: checking for xgettext
configure:5880: found /usr/bin/xgettext
configure:5892: result: /usr/bin/xgettext
configure:5902: checking for msgmerge
configure:5920: found /usr/bin/msgmerge
configure:5932: result: /usr/bin/msgmerge
configure:5942: checking for msgfmt
configure:5960: found /usr/bin/msgfmt
configure:5972: result: /usr/bin/msgfmt
configure:5982: checking for gmsgfmt
configure:6013: result: /usr/bin/msgfmt
configure:6033: checking for perl
configure:6051: found /usr/bin/perl
configure:6063: result: /usr/bin/perl
configure:6074: checking for perl >= 5.8.1
configure:6081: result: 5.22.1
configure:6085: checking for XML::Parser
configure:6088: result: ok
configure:6113: gcc -o conftest -g -O2   conftest.c  >&5
configure:6113: $? = 0
configure:6144: checking how to run the C preprocessor
configure:6175: gcc -E  conftest.c
configure:6175: $? = 0
configure:6189: gcc -E  conftest.c
conftest.c:13:28: fatal error: ac_nonexistent.h: No such file or directory
compilation terminated.
configure:6189: $? = 1
configure: failed program was:
| /* confdefs.h */
| #define PACKAGE_NAME "osd-lyrics"
| #define PACKAGE_TARNAME "osd-lyrics"
| #define PACKAGE_VERSION "0.3.20100604"
| #define PACKAGE_STRING "osd-lyrics 0.3.20100604"
| #define PACKAGE_BUGREPORT "http://code.google.com/p/osd-lyrics/issues/list"
| #define PACKAGE_URL ""
| #define PACKAGE "osd-lyrics"
| #define VERSION "0.3.20100604"
| #define ENABLE_XMMS2 1
| #define GETTEXT_PACKAGE "osd-lyrics"
| /* end confdefs.h.  */
| #include <ac_nonexistent.h>
configure:6214: result: gcc -E
configure:6234: gcc -E  conftest.c
configure:6234: $? = 0
configure:6248: gcc -E  conftest.c
conftest.c:13:28: fatal error: ac_nonexistent.h: No such file or directory
compilation terminated.
configure:6248: $? = 1
configure: failed program was:
| /* confdefs.h */
| #define PACKAGE_NAME "osd-lyrics"
| #define PACKAGE_TARNAME "osd-lyrics"
| #define PACKAGE_VERSION "0.3.20100604"
| #define PACKAGE_STRING "osd-lyrics 0.3.20100604"
| #define PACKAGE_BUGREPORT "http://code.google.com/p/osd-lyrics/issues/list"
| #define PACKAGE_URL ""
| #define PACKAGE "osd-lyrics"
| #define VERSION "0.3.20100604"
| #define ENABLE_XMMS2 1
| #define GETTEXT_PACKAGE "osd-lyrics"
| /* end confdefs.h.  */
| #include <ac_nonexistent.h>
configure:6277: checking for grep that handles long lines and -e
configure:6335: result: /bin/grep
configure:6340: checking for egrep
configure:6402: result: /bin/grep -E
configure:6407: checking for ANSI C header files
configure:6427: gcc -c -g -O2  conftest.c >&5
configure:6427: $? = 0
configure:6500: gcc -o conftest -g -O2   conftest.c  >&5
configure:6500: $? = 0
configure:6500: ./conftest
configure:6500: $? = 0
configure:6511: result: yes
configure:6524: checking for sys/types.h
configure:6524: gcc -c -g -O2  conftest.c >&5
configure:6524: $? = 0
configure:6524: result: yes
configure:6524: checking for sys/stat.h
configure:6524: gcc -c -g -O2  conftest.c >&5
configure:6524: $? = 0
configure:6524: result: yes
configure:6524: checking for stdlib.h
configure:6524: gcc -c -g -O2  conftest.c >&5
configure:6524: $? = 0
configure:6524: result: yes
configure:6524: checking for string.h
configure:6524: gcc -c -g -O2  conftest.c >&5
configure:6524: $? = 0
configure:6524: result: yes
configure:6524: checking for memory.h
configure:6524: gcc -c -g -O2  conftest.c >&5
configure:6524: $? = 0
configure:6524: result: yes
configure:6524: checking for strings.h
configure:6524: gcc -c -g -O2  conftest.c >&5
configure:6524: $? = 0
configure:6524: result: yes
configure:6524: checking for inttypes.h
configure:6524: gcc -c -g -O2  conftest.c >&5
configure:6524: $? = 0
configure:6524: result: yes
configure:6524: checking for stdint.h
configure:6524: gcc -c -g -O2  conftest.c >&5
configure:6524: $? = 0
configure:6524: result: yes
configure:6524: checking for unistd.h
configure:6524: gcc -c -g -O2  conftest.c >&5
configure:6524: $? = 0
configure:6524: result: yes
configure:6539: checking locale.h usability
configure:6539: gcc -c -g -O2  conftest.c >&5
configure:6539: $? = 0
configure:6539: result: yes
configure:6539: checking locale.h presence
configure:6539: gcc -E  conftest.c
configure:6539: $? = 0
configure:6539: result: yes
configure:6539: checking for locale.h
configure:6539: result: yes
configure:6550: checking for LC_MESSAGES
configure:6566: gcc -o conftest -g -O2   conftest.c  >&5
configure:6566: $? = 0
configure:6574: result: yes
configure:6591: checking libintl.h usability
configure:6591: gcc -c -g -O2  conftest.c >&5
configure:6591: $? = 0
configure:6591: result: yes
configure:6591: checking libintl.h presence
configure:6591: gcc -E  conftest.c
configure:6591: $? = 0
configure:6591: result: yes
configure:6591: checking for libintl.h
configure:6591: result: yes
configure:6599: checking for ngettext in libc
configure:6617: gcc -o conftest -g -O2   conftest.c  >&5
configure:6617: $? = 0
configure:6626: result: yes
configure:6630: checking for dgettext in libc
configure:6648: gcc -o conftest -g -O2   conftest.c  >&5
configure:6648: $? = 0
configure:6657: result: yes
configure:6664: checking for bind_textdomain_codeset
configure:6664: gcc -o conftest -g -O2   conftest.c  >&5
configure:6664: $? = 0
configure:6664: result: yes
configure:6940: checking for msgfmt
configure:6967: result: /usr/bin/msgfmt
configure:6978: checking for dcgettext
configure:6978: gcc -o conftest -g -O2   conftest.c   >&5
conftest.c:50:6: warning: conflicting types for built-in function 'dcgettext'
 char dcgettext ();
      ^
configure:6978: $? = 0
configure:6978: result: yes
configure:6988: checking if msgfmt accepts -c
configure:7003: $MSGFMT -c -o /dev/null conftest.foo
conftest.foo:3: warning: header field 'Language' missing in header
configure:7006: $? = 0
configure:7008: result: yes
configure:7018: checking for gmsgfmt
configure:7049: result: /usr/bin/msgfmt
configure:7059: checking for xgettext
configure:7086: result: /usr/bin/xgettext
configure:7105: gcc -o conftest -g -O2   conftest.c   >&5
configure:7105: $? = 0
configure:7249: checking for stdlib.h
configure:7249: result: yes
configure:7249: checking for string.h
configure:7249: result: yes
configure:7373: checking that generated files are newer than configure
configure:7379: result: done
configure:7414: creating ./config.status

## ---------------------- ##
## Running config.status. ##
## ---------------------- ##

This file was extended by osd-lyrics config.status 0.3.20100604, which was
generated by GNU Autoconf 2.69.  Invocation command line was

  CONFIG_FILES    = 
  CONFIG_HEADERS  = 
  CONFIG_LINKS    = 
  CONFIG_COMMANDS = 
  $ ./config.status 

on luckydev

config.status:977: creating po/Makefile.in
config.status:977: creating Makefile
config.status:977: creating lib/Makefile
config.status:977: creating dailydeb.sh
config.status:977: creating src/Makefile
config.status:977: creating src/tests/Makefile
config.status:977: creating data/Makefile
config.status:977: creating config.h
config.status:1158: config.h is unchanged
config.status:1206: executing depfiles commands
config.status:1206: executing default-1 commands
config.status:1206: executing po/stamp-it commands

## ---------------- ##
## Cache variables. ##
## ---------------- ##

ac_cv_c_compiler_gnu=yes
ac_cv_cxx_compiler_gnu=yes
ac_cv_env_APP_INDICATOR_CFLAGS_set=
ac_cv_env_APP_INDICATOR_CFLAGS_value=
ac_cv_env_APP_INDICATOR_LIBS_set=
ac_cv_env_APP_INDICATOR_LIBS_value=
ac_cv_env_CCC_set=
ac_cv_env_CCC_value=
ac_cv_env_CC_set=
ac_cv_env_CC_value=
ac_cv_env_CFLAGS_set=
ac_cv_env_CFLAGS_value=
ac_cv_env_CPPFLAGS_set=
ac_cv_env_CPPFLAGS_value=
ac_cv_env_CPP_set=
ac_cv_env_CPP_value=
ac_cv_env_CURL_CFLAGS_set=
ac_cv_env_CURL_CFLAGS_value=
ac_cv_env_CURL_LIBS_set=
ac_cv_env_CURL_LIBS_value=
ac_cv_env_CXXFLAGS_set=
ac_cv_env_CXXFLAGS_value=
ac_cv_env_CXX_set=
ac_cv_env_CXX_value=
ac_cv_env_DBUS_GLIB_CFLAGS_set=
ac_cv_env_DBUS_GLIB_CFLAGS_value=
ac_cv_env_DBUS_GLIB_LIBS_set=
ac_cv_env_DBUS_GLIB_LIBS_value=
ac_cv_env_GTK2_CFLAGS_set=
ac_cv_env_GTK2_CFLAGS_value=
ac_cv_env_GTK2_LIBS_set=
ac_cv_env_GTK2_LIBS_value=
ac_cv_env_LDFLAGS_set=
ac_cv_env_LDFLAGS_value=
ac_cv_env_LIBS_set=
ac_cv_env_LIBS_value=
ac_cv_env_MPD_CFLAGS_set=
ac_cv_env_MPD_CFLAGS_value=
ac_cv_env_MPD_LIBS_set=
ac_cv_env_MPD_LIBS_value=
ac_cv_env_NOTIFY_CFLAGS_set=
ac_cv_env_NOTIFY_CFLAGS_value=
ac_cv_env_NOTIFY_LIBS_set=
ac_cv_env_NOTIFY_LIBS_value=
ac_cv_env_PKG_CONFIG_LIBDIR_set=
ac_cv_env_PKG_CONFIG_LIBDIR_value=
ac_cv_env_PKG_CONFIG_PATH_set=
ac_cv_env_PKG_CONFIG_PATH_value=
ac_cv_env_PKG_CONFIG_set=
ac_cv_env_PKG_CONFIG_value=
ac_cv_env_SQLITE_CFLAGS_set=
ac_cv_env_SQLITE_CFLAGS_value=
ac_cv_env_SQLITE_LIBS_set=
ac_cv_env_SQLITE_LIBS_value=
ac_cv_env_X11_CFLAGS_set=
ac_cv_env_X11_CFLAGS_value=
ac_cv_env_X11_LIBS_set=
ac_cv_env_X11_LIBS_value=
ac_cv_env_XMMS2_CFLAGS_set=
ac_cv_env_XMMS2_CFLAGS_value=
ac_cv_env_XMMS2_LIBS_set=
ac_cv_env_XMMS2_LIBS_value=
ac_cv_env_build_alias_set=
ac_cv_env_build_alias_value=
ac_cv_env_host_alias_set=
ac_cv_env_host_alias_value=
ac_cv_env_target_alias_set=
ac_cv_env_target_alias_value=
ac_cv_func_bind_textdomain_codeset=yes
ac_cv_func_dcgettext=yes
ac_cv_header_inttypes_h=yes
ac_cv_header_libintl_h=yes
ac_cv_header_locale_h=yes
ac_cv_header_memory_h=yes
ac_cv_header_stdc=yes
ac_cv_header_stdint_h=yes
ac_cv_header_stdlib_h=yes
ac_cv_header_string_h=yes
ac_cv_header_strings_h=yes
ac_cv_header_sys_stat_h=yes
ac_cv_header_sys_types_h=yes
ac_cv_header_unistd_h=yes
ac_cv_objext=o
ac_cv_path_EGREP='/bin/grep -E'
ac_cv_path_GMSGFMT=/usr/bin/msgfmt
ac_cv_path_GREP=/bin/grep
ac_cv_path_INTLTOOL_EXTRACT=/usr/bin/intltool-extract
ac_cv_path_INTLTOOL_MERGE=/usr/bin/intltool-merge
ac_cv_path_INTLTOOL_PERL=/usr/bin/perl
ac_cv_path_INTLTOOL_UPDATE=/usr/bin/intltool-update
ac_cv_path_MSGFMT=/usr/bin/msgfmt
ac_cv_path_MSGMERGE=/usr/bin/msgmerge
ac_cv_path_XGETTEXT=/usr/bin/xgettext
ac_cv_path_ac_pt_PKG_CONFIG=/usr/bin/pkg-config
ac_cv_path_install='/usr/bin/install -c'
ac_cv_path_mkdir=/bin/mkdir
ac_cv_prog_AWK=gawk
ac_cv_prog_CPP='gcc -E'
ac_cv_prog_ac_ct_CC=gcc
ac_cv_prog_ac_ct_CXX=g++
ac_cv_prog_ac_ct_RANLIB=ranlib
ac_cv_prog_cc_c89=
ac_cv_prog_cc_g=yes
ac_cv_prog_cxx_g=yes
ac_cv_prog_make_make_set=yes
am_cv_CC_dependencies_compiler_type=gcc3
am_cv_CXX_dependencies_compiler_type=gcc3
am_cv_make_support_nested_variables=yes
am_cv_prog_cc_c_o=yes
am_cv_val_LC_MESSAGES=yes
gt_cv_func_dgettext_libc=yes
gt_cv_func_dgettext_libintl=no
gt_cv_func_ngettext_libc=yes
gt_cv_have_gettext=yes
pkg_cv_CURL_CFLAGS=
pkg_cv_CURL_LIBS=-lcurl
pkg_cv_DBUS_GLIB_CFLAGS='-I/usr/include/dbus-1.0 -I/usr/lib/x86_64-linux-gnu/dbus-1.0/include -I/usr/include/glib-2.0 -I/usr/lib/x86_64-linux-gnu/glib-2.0/include'
pkg_cv_DBUS_GLIB_LIBS='-ldbus-glib-1 -ldbus-1 -lgobject-2.0 -lglib-2.0'
pkg_cv_GTK2_CFLAGS='-pthread -I/usr/include/gtk-2.0 -I/usr/lib/x86_64-linux-gnu/gtk-2.0/include -I/usr/include/gio-unix-2.0/ -I/usr/include/cairo -I/usr/include/pango-1.0 -I/usr/include/atk-1.0 -I/usr/include/cairo -I/usr/include/pixman-1 -I/usr/include/libpng12 -I/usr/include/gdk-pixbuf-2.0 -I/usr/include/libpng12 -I/usr/include/pango-1.0 -I/usr/include/harfbuzz -I/usr/include/pango-1.0 -I/usr/include/freetype2 -I/usr/include/glib-2.0 -I/usr/lib/x86_64-linux-gnu/glib-2.0/include'
pkg_cv_GTK2_LIBS='-lgtk-x11-2.0 -lgdk-x11-2.0 -lpangocairo-1.0 -latk-1.0 -lcairo -lgdk_pixbuf-2.0 -lgio-2.0 -lpangoft2-1.0 -lpango-1.0 -lgobject-2.0 -lfontconfig -lfreetype -lgthread-2.0 -pthread -Wl,--export-dynamic -lgmodule-2.0 -pthread -lglib-2.0'
pkg_cv_NOTIFY_CFLAGS='-pthread -I/usr/include/gdk-pixbuf-2.0 -I/usr/include/libpng12 -I/usr/include/glib-2.0 -I/usr/lib/x86_64-linux-gnu/glib-2.0/include'
pkg_cv_NOTIFY_LIBS='-lnotify -lgdk_pixbuf-2.0 -lgio-2.0 -lgobject-2.0 -lglib-2.0'
pkg_cv_SQLITE_CFLAGS=
pkg_cv_SQLITE_LIBS=-lsqlite3
pkg_cv_X11_CFLAGS=
pkg_cv_X11_LIBS=-lX11
pkg_cv_XMMS2_CFLAGS=-I/usr/include/xmms2
pkg_cv_XMMS2_LIBS=-lxmmsclient

## ----------------- ##
## Output variables. ##
## ----------------- ##

ACLOCAL='${SHELL} /home/phm/stuff/Paul/Coding/current-code/osd-lyrics/missing aclocal-1.15'
ALL_LINGUAS=''
AMDEPBACKSLASH='\'
AMDEP_FALSE='#'
AMDEP_TRUE=''
AMTAR='$${TAR-tar}'
AM_BACKSLASH='\'
AM_DEFAULT_V='$(AM_DEFAULT_VERBOSITY)'
AM_DEFAULT_VERBOSITY='1'
AM_V='$(V)'
APP_INDICATOR_CFLAGS=''
APP_INDICATOR_LIBS=''
AUTOCONF='${SHELL} /home/phm/stuff/Paul/Coding/current-code/osd-lyrics/missing autoconf'
AUTOHEADER='${SHELL} /home/phm/stuff/Paul/Coding/current-code/osd-lyrics/missing autoheader'
AUTOMAKE='${SHELL} /home/phm/stuff/Paul/Coding/current-code/osd-lyrics/missing automake-1.15'
AWK='gawk'
BUILD=''
CATALOGS=''
CATOBJEXT='.gmo'
CC='gcc'
CCDEPMODE='depmode=gcc3'
CFLAGS='-g -O2'
CPP='gcc -E'
CPPFLAGS=''
CURL_CFLAGS=''
CURL_LIBS='-lcurl'
CXX='g++'
CXXDEPMODE='depmode=gcc3'
CXXFLAGS='-g -O2'
CYGPATH_W='echo'
DATADIRNAME='share'
DBUS_GLIB_CFLAGS='-I/usr/include/dbus-1.0 -I/usr/lib/x86_64-linux-gnu/dbus-1.0/include -I/usr/include/glib-2.0 -I/usr/lib/x86_64-linux-gnu/glib-2.0/include'
DBUS_GLIB_LIBS='-ldbus-glib-1 -ldbus-1 -lgobject-2.0 -lglib-2.0'
DEFS='-DHAVE_CONFIG_H'
DEPDIR='.deps'
ECHO_C=''
ECHO_N='-n'
ECHO_T=''
EGREP='/bin/grep -E'
EXEEXT=''
GETTEXT_PACKAGE='osd-lyrics'
GMOFILES=''
GMSGFMT='/usr/bin/msgfmt'
GREP='/bin/grep'
GTK2_CFLAGS='-pthread -I/usr/include/gtk-2.0 -I/usr/lib/x86_64-linux-gnu/gtk-2.0/include -I/usr/include/gio-unix-2.0/ -I/usr/include/cairo -I/usr/include/pango-1.0 -I/usr/include/atk-1.0 -I/usr/include/cairo -I/usr/include/pixman-1 -I/usr/include/libpng12 -I/usr/include/gdk-pixbuf-2.0 -I/usr/include/libpng12 -I/usr/include/pango-1.0 -I/usr/include/harfbuzz -I/usr/include/pango-1.0 -I/usr/include/freetype2 -I/usr/include/glib-2.0 -I/usr/lib/x86_64-linux-gnu/glib-2.0/include'
GTK2_LIBS='-lgtk-x11-2.0 -lgdk-x11-2.0 -lpangocairo-1.0 -latk-1.0 -lcairo -lgdk_pixbuf-2.0 -lgio-2.0 -lpangoft2-1.0 -lpango-1.0 -lgobject-2.0 -lfontconfig -lfreetype -lgthread-2.0 -pthread -Wl,--export-dynamic -lgmodule-2.0 -pthread -lglib-2.0'
HAVE_APP_INDICATOR_FALSE=''
HAVE_APP_INDICATOR_TRUE='#'
INSTALL_DATA='${INSTALL} -m 644'
INSTALL_PROGRAM='${INSTALL}'
INSTALL_SCRIPT='${INSTALL}'
INSTALL_STRIP_PROGRAM='$(install_sh) -c -s'
INSTOBJEXT='.mo'
INTLLIBS=''
INTLTOOL_CAVES_RULE='%.caves:     %.caves.in     $(INTLTOOL_MERGE) $(wildcard $(top_srcdir)/po/*.po) ; $(INTLTOOL_V_MERGE)LC_ALL=C $(INTLTOOL_MERGE) $(INTLTOOL_V_MERGE_OPTIONS) -d -u -c $(top_builddir)/po/.intltool-merge-cache $(top_srcdir)/po $< $@'
INTLTOOL_DESKTOP_RULE='%.desktop:   %.desktop.in   $(INTLTOOL_MERGE) $(wildcard $(top_srcdir)/po/*.po) ; $(INTLTOOL_V_MERGE)LC_ALL=C $(INTLTOOL_MERGE) $(INTLTOOL_V_MERGE_OPTIONS) -d -u -c $(top_builddir)/po/.intltool-merge-cache $(top_srcdir)/po $< $@'
INTLTOOL_DIRECTORY_RULE='%.directory: %.directory.in $(INTLTOOL_MERGE) $(wildcard $(top_srcdir)/po/*.po) ; $(INTLTOOL_V_MERGE)LC_ALL=C $(INTLTOOL_MERGE) $(INTLTOOL_V_MERGE_OPTIONS) -d -u -c $(top_builddir)/po/.intltool-merge-cache $(top_srcdir)/po $< $@'
INTLTOOL_EXTRACT='/usr/bin/intltool-extract'
INTLTOOL_KBD_RULE='%.kbd:       %.kbd.in       $(INTLTOOL_MERGE) $(wildcard $(top_srcdir)/po/*.po) ; $(INTLTOOL_V_MERGE)LC_ALL=C $(INTLTOOL_MERGE) $(INTLTOOL_V_MERGE_OPTIONS) -x -u -m -c $(top_builddir)/po/.intltool-merge-cache $(top_srcdir)/po $< $@'
INTLTOOL_KEYS_RULE='%.keys:      %.keys.in      $(INTLTOOL_MERGE) $(wildcard $(top_srcdir)/po/*.po) ; $(INTLTOOL_V_MERGE)LC_ALL=C $(INTLTOOL_MERGE) $(INTLTOOL_V_MERGE_OPTIONS) -k -u -c $(top_builddir)/po/.intltool-merge-cache $(top_srcdir)/po $< $@'
INTLTOOL_MERGE='/usr/bin/intltool-merge'
INTLTOOL_OAF_RULE='%.oaf:       %.oaf.in       $(INTLTOOL_MERGE) $(wildcard $(top_srcdir)/po/*.po) ; $(INTLTOOL_V_MERGE)LC_ALL=C $(INTLTOOL_MERGE) $(INTLTOOL_V_MERGE_OPTIONS) -o -p $(top_srcdir)/po $< $@'
INTLTOOL_PERL='/usr/bin/perl'
INTLTOOL_POLICY_RULE='%.policy:    %.policy.in    $(INTLTOOL_MERGE) $(wildcard $(top_srcdir)/po/*.po) ; $(INTLTOOL_V_MERGE)LC_ALL=C $(INTLTOOL_MERGE) $(INTLTOOL_V_MERGE_OPTIONS) -x -u -c $(top_builddir)/po/.intltool-merge-cache $(top_srcdir)/po $< $@'
INTLTOOL_PONG_RULE='%.pong:      %.pong.in      $(INTLTOOL_MERGE) $(wildcard $(top_srcdir)/po/*.po) ; $(INTLTOOL_V_MERGE)LC_ALL=C $(INTLTOOL_MERGE) $(INTLTOOL_V_MERGE_OPTIONS) -x -u -c $(top_builddir)/po/.intltool-merge-cache $(top_srcdir)/po $< $@'
INTLTOOL_PROP_RULE='%.prop:      %.prop.in      $(INTLTOOL_MERGE) $(wildcard $(top_srcdir)/po/*.po) ; $(INTLTOOL_V_MERGE)LC_ALL=C $(INTLTOOL_MERGE) $(INTLTOOL_V_MERGE_OPTIONS) -d -u -c $(top_builddir)/po/.intltool-merge-cache $(top_srcdir)/po $< $@'
INTLTOOL_SCHEMAS_RULE='%.schemas:   %.schemas.in   $(INTLTOOL_MERGE) $(wildcard $(top_srcdir)/po/*.po) ; $(INTLTOOL_V_MERGE)LC_ALL=C $(INTLTOOL_MERGE) $(INTLTOOL_V_MERGE_OPTIONS) -s -u -c $(top_builddir)/po/.intltool-merge-cache $(top_srcdir)/po $< $@'
INTLTOOL_SERVER_RULE='%.server:    %.server.in    $(INTLTOOL_MERGE) $(wildcard $(top_srcdir)/po/*.po) ; $(INTLTOOL_V_MERGE)LC_ALL=C $(INTLTOOL_MERGE) $(INTLTOOL_V_MERGE_OPTIONS) -o -u -c $(top_builddir)/po/.intltool-merge-cache $(top_srcdir)/po $< $@'
INTLTOOL_SERVICE_RULE='%.service: %.service.in   $(INTLTOOL_MERGE) $(wildcard $(top_srcdir)/po/*.po) ; $(INTLTOOL_V_MERGE)LC_ALL=C $(INTLTOOL_MERGE) $(INTLTOOL_V_MERGE_OPTIONS) -d -u -c $(top_builddir)/po/.intltool-merge-cache $(top_srcdir)/po $< $@'
INTLTOOL_SHEET_RULE='%.sheet:     %.sheet.in     $(INTLTOOL_MERGE) $(wildcard $(top_srcdir)/po/*.po) ; $(INTLTOOL_V_MERGE)LC_ALL=C $(INTLTOOL_MERGE) $(INTLTOOL_V_MERGE_OPTIONS) -x -u -c $(top_builddir)/po/.intltool-merge-cache $(top_srcdir)/po $< $@'
INTLTOOL_SOUNDLIST_RULE='%.soundlist: %.soundlist.in $(INTLTOOL_MERGE) $(wildcard $(top_srcdir)/po/*.po) ; $(INTLTOOL_V_MERGE)LC_ALL=C $(INTLTOOL_MERGE) $(INTLTOOL_V_MERGE_OPTIONS) -d -u -c $(top_builddir)/po/.intltool-merge-cache $(top_srcdir)/po $< $@'
INTLTOOL_THEME_RULE='%.theme:     %.theme.in     $(INTLTOOL_MERGE) $(wildcard $(top_srcdir)/po/*.po) ; $(INTLTOOL_V_MERGE)LC_ALL=C $(INTLTOOL_MERGE) $(INTLTOOL_V_MERGE_OPTIONS) -d -u -c $(top_builddir)/po/.intltool-merge-cache $(top_srcdir)/po $< $@'
INTLTOOL_UI_RULE='%.ui:        %.ui.in        $(INTLTOOL_MERGE) $(wildcard $(top_srcdir)/po/*.po) ; $(INTLTOOL_V_MERGE)LC_ALL=C $(INTLTOOL_MERGE) $(INTLTOOL_V_MERGE_OPTIONS) -x -u -c $(top_builddir)/po/.intltool-merge-cache $(top_srcdir)/po $< $@'
INTLTOOL_UPDATE='/usr/bin/intltool-update'
INTLTOOL_V_MERGE='$(INTLTOOL__v_MERGE_$(V))'
INTLTOOL_V_MERGE_OPTIONS='$(intltool__v_merge_options_$(V))'
INTLTOOL_XAM_RULE='%.xam:       %.xml.in       $(INTLTOOL_MERGE) $(wildcard $(top_srcdir)/po/*.po) ; $(INTLTOOL_V_MERGE)LC_ALL=C $(INTLTOOL_MERGE) $(INTLTOOL_V_MERGE_OPTIONS) -x -u -c $(top_builddir)/po/.intltool-merge-cache $(top_srcdir)/po $< $@'
INTLTOOL_XML_NOMERGE_RULE='%.xml:       %.xml.in       $(INTLTOOL_MERGE) ; $(INTLTOOL_V_MERGE)LC_ALL=C $(INTLTOOL_MERGE) $(INTLTOOL_V_MERGE_OPTIONS) -x -u --no-translations $< $@'
INTLTOOL_XML_RULE='%.xml:       %.xml.in       $(INTLTOOL_MERGE) $(wildcard $(top_srcdir)/po/*.po) ; $(INTLTOOL_V_MERGE)LC_ALL=C $(INTLTOOL_MERGE) $(INTLTOOL_V_MERGE_OPTIONS) -x -u -c $(top_builddir)/po/.intltool-merge-cache $(top_srcdir)/po $< $@'
INTLTOOL__v_MERGE_0='@echo "  ITMRG " $@;'
INTLTOOL__v_MERGE_='$(INTLTOOL__v_MERGE_$(AM_DEFAULT_VERBOSITY))'
LDFLAGS=''
LIBOBJS=''
LIBS=''
LTLIBOBJS=''
MAKEINFO='${SHELL} /home/phm/stuff/Paul/Coding/current-code/osd-lyrics/missing makeinfo'
MKDIR_P='/bin/mkdir -p'
MKINSTALLDIRS='./mkinstalldirs'
MPD_CFLAGS=''
MPD_LIBS=''
MSGFMT='/usr/bin/msgfmt'
MSGFMT_OPTS='-c'
MSGMERGE='/usr/bin/msgmerge'
NOTIFY_CFLAGS='-pthread -I/usr/include/gdk-pixbuf-2.0 -I/usr/include/libpng12 -I/usr/include/glib-2.0 -I/usr/lib/x86_64-linux-gnu/glib-2.0/include'
NOTIFY_LIBS='-lnotify -lgdk_pixbuf-2.0 -lgio-2.0 -lgobject-2.0 -lglib-2.0'
OBJEXT='o'
OL_GUIDIR='${datarootdir}/osd-lyrics'
OL_ICONDIR='${datarootdir}/osd-lyrics/icons'
PACKAGE='osd-lyrics'
PACKAGE_BUGREPORT='http://code.google.com/p/osd-lyrics/issues/list'
PACKAGE_NAME='osd-lyrics'
PACKAGE_STRING='osd-lyrics 0.3.20100604'
PACKAGE_TARNAME='osd-lyrics'
PACKAGE_URL=''
PACKAGE_VERSION='0.3.20100604'
PATH_SEPARATOR=':'
PKG_CONFIG='/usr/bin/pkg-config'
PKG_CONFIG_LIBDIR=''
PKG_CONFIG_PATH=''
POFILES=''
POSUB='po'
PO_IN_DATADIR_FALSE=''
PO_IN_DATADIR_TRUE=''
RANLIB='ranlib'
SET_MAKE=''
SHELL='/bin/bash'
SQLITE_CFLAGS=''
SQLITE_LIBS='-lsqlite3'
STRIP=''
USE_NLS='yes'
VERSION='0.3.20100604'
X11_CFLAGS=''
X11_LIBS='-lX11'
XGETTEXT='/usr/bin/xgettext'
XMMS2_CFLAGS='-I/usr/include/xmms2'
XMMS2_LIBS='-lxmmsclient'
ac_ct_CC='gcc'
ac_ct_CXX='g++'
am__EXEEXT_FALSE=''
am__EXEEXT_TRUE='#'
am__fastdepCC_FALSE='#'
am__fastdepCC_TRUE=''
am__fastdepCXX_FALSE='#'
am__fastdepCXX_TRUE=''
am__include='include'
am__isrc=''
am__leading_dot='.'
am__nodep='_no'
am__quote=''
am__tar='$${TAR-tar} chof - "$$tardir"'
am__untar='$${TAR-tar} xf -'
bindir='${exec_prefix}/bin'
build_alias=''
datadir='${datarootdir}'
datarootdir='${prefix}/share'
docdir='${datarootdir}/doc/${PACKAGE_TARNAME}'
dvidir='${docdir}'
exec_prefix='${prefix}'
gmondir=''
host_alias=''
htmldir='${docdir}'
includedir='${prefix}/include'
infodir='${datarootdir}/info'
install_sh='${SHELL} /home/phm/stuff/Paul/Coding/current-code/osd-lyrics/install-sh'
intltool__v_merge_options_0='-q'
intltool__v_merge_options_='$(intltool__v_merge_options_$(AM_DEFAULT_VERBOSITY))'
libdir='${exec_prefix}/lib'
libexecdir='${exec_prefix}/libexec'
localedir='${datarootdir}/locale'
localstatedir='${prefix}/var'
mandir='${datarootdir}/man'
mkdir_p='$(MKDIR_P)'
oldincludedir='/usr/include'
pdfdir='${docdir}'
prefix='/usr/local'
program_transform_name='s,x,x,'
psdir='${docdir}'
runstatedir='${localstatedir}/run'
sbindir='${exec_prefix}/sbin'
sharedstatedir='${prefix}/com'
sysconfdir='${prefix}/etc'
target_alias=''

## ----------- ##
## confdefs.h. ##
## ----------- ##

/* confdefs.h */
#define PACKAGE_NAME "osd-lyrics"
#define PACKAGE_TARNAME "osd-lyrics"
#define PACKAGE_VERSION "0.3.20100604"
#define PACKAGE_STRING "osd-lyrics 0.3.20100604"
#define PACKAGE_BUGREPORT "http://code.google.com/p/osd-lyrics/issues/list"
#define PACKAGE_URL ""
#define PACKAGE "osd-lyrics"
#define VERSION "0.3.20100604"
#define ENABLE_XMMS2 1
#define GETTEXT_PACKAGE "osd-lyrics"
#define STDC_HEADERS 1
#define HAVE_SYS_TYPES_H 1
#define HAVE_SYS_STAT_H 1
#define HAVE_STDLIB_H 1
#define HAVE_STRING_H 1
#define HAVE_MEMORY_H 1
#define HAVE_STRINGS_H 1
#define HAVE_INTTYPES_H 1
#define HAVE_STDINT_H 1
#define HAVE_UNISTD_H 1
#define HAVE_LOCALE_H 1
#define HAVE_LC_MESSAGES 1
#define HAVE_BIND_TEXTDOMAIN_CODESET 1
#define HAVE_GETTEXT 1
#define HAVE_DCGETTEXT 1
#define ENABLE_NLS 1
#define HAVE_STDLIB_H 1
#define HAVE_STRING_H 1

configure: exit 0
